<?xml version="1.0" encoding="UTF-8"?>
<testsuite name="Cucumber" time="33.253" tests="3" skipped="0" failures="0" errors="0">
<testcase classname="User Login" name="Login with valid credentials - Example #1.1" time="16.778">
<system-out><![CDATA[
Given User navigate to login page "https://adactinhotelapp.com/HotelAppBuild2/" build two.passed
When User enters valid username SpheleleZ...................................passed
And Enters valid password Nok2lasphe........................................passed
And Click on login button...................................................passed
Then User should login successfully.........................................passed
]]></system-out>
</testcase>
<testcase classname="User Login" name="Login with invalid credentials - Example #1.1" time="6.683">
<system-out><![CDATA[
Given User navigate to login page "https://adactinhotelapp.com/HotelAppBuild2/" build two.passed
When User enters invalid username Sphelele..................................passed
And Enters invalid password Nok2laSphe123...................................passed
And Click on login button...................................................passed
Then User should get a proper warning message...............................passed
]]></system-out>
</testcase>
<testcase classname="User Login" name="Login with invalid credentials - Example #1.2" time="8.23">
<system-out><![CDATA[
Given User navigate to login page "https://adactinhotelapp.com/HotelAppBuild2/" build two.passed
When User enters invalid username SpheleleZ.................................passed
And Enters invalid password bow wow.........................................passed
And Click on login button...................................................passed
Then User should get a proper warning message...............................passed
]]></system-out>
</testcase>
</testsuite>
